C51 COMPILER V9.60.7.0   MAIN                                                              08/10/2025 19:31:30 PAGE 1   


C51 COMPILER V9.60.7.0, COMPILATION OF MODULE MAIN
OBJECT MODULE PLACED IN .\Objects\main.obj
COMPILER INVOKED BY: D:\C51\BIN\C51.EXE main.c OPTIMIZE(8,SPEED) BROWSE DEBUG OBJECTEXTEND PRINT(.\Listings\main.lst) TA
                    -BS(2) OBJECT(.\Objects\main.obj)

line level    source

   1          #include<regx52.h>
   2          
   3          void delay_50ms();
   4          
   5          void main(){
   6   1         P2_0 = 0;
   7   1         TMOD = 0x01;
   8   1         
   9   1         while(1){
  10   2          int i;
  11   2        for(i = 0;i <20;i++){
  12   3          delay_50ms();
  13   3        }
  14   2         P2_0 = ~ P2_0 ;
  15   2         }
  16   1      }
  17          /*void main(){
  18            while(1){
  19            P2 = 0xFF;
  20            delay_50ms();
  21            P2 = 0x00;
  22            delay_50ms();
  23            }
  24          }another way to represent the main function
  25          */
  26          void delay_50ms(){
  27   1          TH0 = 0xFC; //better change to visible exact blinking !!
  28   1        TL0 = 0x66; 
  29   1        TF0 = 0;
  30   1        TR0 = 1;
  31   1        
  32   1        while(TF0 == 0);
  33   1        
  34   1        TR0 = 0;
  35   1        TF0 = 0;
  36   1      
  37   1      }


MODULE INFORMATION:   STATIC OVERLAYABLE
   CODE SIZE        =     54    ----
   CONSTANT SIZE    =   ----    ----
   XDATA SIZE       =   ----    ----
   PDATA SIZE       =   ----    ----
   DATA SIZE        =   ----       2
   IDATA SIZE       =   ----    ----
   BIT SIZE         =   ----    ----
END OF MODULE INFORMATION.


C51 COMPILATION COMPLETE.  0 WARNING(S),  0 ERROR(S)
