C51 COMPILER V9.60.7.0   MAIN                                                              05/10/2025 14:18:54 PAGE 1   


C51 COMPILER V9.60.7.0, COMPILATION OF MODULE MAIN
OBJECT MODULE PLACED IN .\Objects\main.obj
COMPILER INVOKED BY: D:\C51\BIN\C51.EXE main.c OPTIMIZE(8,SPEED) BROWSE DEBUG OBJECTEXTEND PRINT(.\Listings\main.lst) TA
                    -BS(2) OBJECT(.\Objects\main.obj)

line level    source

   1          #include<regx52.h>
   2          
   3          
   4          
   5          void delay_ms(unsigned int ms){
   6   1        unsigned int i,j;
   7   1        for(i = 0;i<ms;i++)
   8   1          for(j = 0;j<1275 ; j++);
   9   1      }
  10          
  11          void External0_ISR(void)interrupt 0{
  12   1        P1_0 = ~P1_0;
  13   1        delay_ms(200);  
  14   1      }
  15          
  16          void main(){
  17   1        P1_0 = 0;
  18   1        EA = 1;
  19   1        EX0 = 1;
  20   1        IT0 = 1;
  21   1          
  22   1      }
  23          
  24          
  25          
  26          
  27          
  28          
  29          /*
  30          #include <REGX52.H>
  31          
  32          // Function to provide a delay
  33          void delay_ms(unsigned int ms)
  34          {
  35              unsigned int i, j;
  36              for(i = 0; i < ms; i++)
  37                  for(j = 0; j < 1275; j++);
  38          }
  39          
  40          // Interrupt Service Routine for INT0
  41          void External0_ISR(void) interrupt 0
  42          {
  43              P1_0 = ~P1_0;     // Toggle LED on P1.0
  44              delay_ms(200);    // Simple delay for visible blink
  45          }
  46          
  47          void main()
  48          {
  49              P1_0 = 0;        // Initialize LED OFF
  50              IT0 = 1;         // INT0 triggered on falling edge
  51              EX0 = 1;         // Enable External Interrupt 0
  52              EA = 1;          // Enable global interrupts
  53          
  54              while(1)
C51 COMPILER V9.60.7.0   MAIN                                                              05/10/2025 14:18:54 PAGE 2   

  55              {
  56                  // Main loop does nothing, waits for interrupt
  57              }
  58          }
  59          */


MODULE INFORMATION:   STATIC OVERLAYABLE
   CODE SIZE        =     86    ----
   CONSTANT SIZE    =   ----    ----
   XDATA SIZE       =   ----    ----
   PDATA SIZE       =   ----    ----
   DATA SIZE        =   ----    ----
   IDATA SIZE       =   ----    ----
   BIT SIZE         =   ----    ----
END OF MODULE INFORMATION.


C51 COMPILATION COMPLETE.  0 WARNING(S),  0 ERROR(S)
